<?xml version="1.0" encoding="UTF-8"?>
<testng-results ignored="0" total="1" passed="1" failed="0" skipped="0">
  <reporter-output>
  </reporter-output>
  <suite started-at="2022-10-14T00:53:40 IST" name="Default suite" finished-at="2022-10-14T00:53:52 IST" duration-ms="12359">
    <groups>
      <group name="Chrome">
        <method signature="mAadharTest.launchChrome()[pri:0, instance:com.simplilearn.demo.mAadharTest@4d154ccd]" name="launchChrome" class="com.simplilearn.demo.mAadharTest"/>
      </group> <!-- Chrome -->
    </groups>
    <test started-at="2022-10-14T00:53:40 IST" name="Default test" finished-at="2022-10-14T00:53:52 IST" duration-ms="12359">
      <class name="com.simplilearn.demo.mAadharTest">
        <test-method signature="launchChrome()[pri:0, instance:com.simplilearn.demo.mAadharTest@4d154ccd]" started-at="2022-10-14T00:53:40 IST" name="launchChrome" finished-at="2022-10-14T00:53:52 IST" duration-ms="12249" status="PASS">
          <reporter-output>
          </reporter-output>
        </test-method> <!-- launchChrome -->
      </class> <!-- com.simplilearn.demo.mAadharTest -->
    </test> <!-- Default test -->
  </suite> <!-- Default suite -->
</testng-results>
