<?xml version="1.0" encoding="UTF-8"?>
<!-- Generated by org.testng.reporters.JUnitXMLReporter -->
<testsuite ignored="0" hostname="Ebinesar" failures="2" tests="2" name="maadharTest" time="0.055" errors="0" timestamp="2022-10-13T20:10:08 IST">
  <testcase classname="com.simplilearn.demo.mAadharTest" name="Admin" time="0.01">
    <failure type="java.lang.NullPointerException">
      <![CDATA[java.lang.NullPointerException
at com.simplilearn.demo.mAadharTest.Admin(mAadharTest.java:60)
at java.base/java.util.ArrayList.forEach(ArrayList.java:1541)
... Removed 27 stack frames]]>
    </failure>
  </testcase> <!-- Admin -->
  <testcase classname="com.simplilearn.demo.mAadharTest" name="User" time="0.001">
    <failure type="java.lang.NullPointerException">
      <![CDATA[java.lang.NullPointerException
at com.simplilearn.demo.mAadharTest.User(mAadharTest.java:28)
at java.base/java.util.ArrayList.forEach(ArrayList.java:1541)
... Removed 27 stack frames]]>
    </failure>
  </testcase> <!-- User -->
</testsuite> <!-- maadharTest -->
